<?xml version="1.0" encoding="UTF-8"?>
<!-- Generated by org.testng.reporters.JUnitReportReporter -->
<testsuite skipped="0" hostname="DESKTOP-ICKQOFK" name="Academy.E2EProject.validateNavigationBar" tests="1" failures="0" timestamp="17 Aug 2020 06:58:14 GMT" time="0.189" errors="0">
  <testcase name="validateAppNavBar" time="0.189" classname="Academy.E2EProject.validateNavigationBar"/>
</testsuite> <!-- Academy.E2EProject.validateNavigationBar -->
