<?xml version="1.0" encoding="UTF-8"?>
<!-- Generated by org.testng.reporters.JUnitReportReporter -->
<testsuite skipped="0" hostname="DESKTOP-ICKQOFK" name="Academy.E2EProject.validateTitle" tests="1" failures="0" timestamp="17 Aug 2020 06:58:14 GMT" time="0.177" errors="0">
  <testcase name="validateAppTitle" time="0.177" classname="Academy.E2EProject.validateTitle"/>
</testsuite> <!-- Academy.E2EProject.validateTitle -->
