<?xml version="1.0" encoding="UTF-8"?>
<!-- Generated by org.testng.reporters.JUnitReportReporter -->
<testsuite skipped="0" hostname="DESKTOP-ICKQOFK" name="cucumberOptions.TestRunner" tests="1" failures="0" timestamp="07 Sep 2020 12:46:48 GMT" time="60.384" errors="0">
  <testcase name="feature" time="60.384" classname="cucumberOptions.TestRunner"/>
</testsuite> <!-- cucumberOptions.TestRunner -->
