<?xml version="1.0" encoding="UTF-8"?>
<!-- Generated by org.testng.reporters.JUnitReportReporter -->
<testsuite skipped="0" hostname="DESKTOP-ICKQOFK" name="Academy.E2EProject.HomePage" tests="2" failures="0" timestamp="07 Sep 2020 11:37:38 GMT" time="46.601" errors="0">
  <testcase name="basePageNavigation" time="30.591" classname="Academy.E2EProject.HomePage"/>
  <testcase name="basePageNavigation" time="16.010" classname="Academy.E2EProject.HomePage"/>
</testsuite> <!-- Academy.E2EProject.HomePage -->
